  StudentSystem.cpp
G:\xuexiaolei\x_files\VS_code\StudentSystem\MyList.h(73,1): warning C4996: 'strcpy': This function or variable may be unsafe. Consider using strcpy_s instead. To disable deprecation, use _CRT_SECURE_NO_WARNINGS. See online help for details.
G:\Windows Kits\10\Include\10.0.18362.0\ucrt\string.h(133): message : 参见“strcpy”的声明
G:\xuexiaolei\x_files\VS_code\StudentSystem\MyList.h(75,1): warning C4996: 'strcpy': This function or variable may be unsafe. Consider using strcpy_s instead. To disable deprecation, use _CRT_SECURE_NO_WARNINGS. See online help for details.
G:\Windows Kits\10\Include\10.0.18362.0\ucrt\string.h(133): message : 参见“strcpy”的声明
G:\xuexiaolei\x_files\VS_code\StudentSystem\MyList.h(76,1): warning C4996: 'strcpy': This function or variable may be unsafe. Consider using strcpy_s instead. To disable deprecation, use _CRT_SECURE_NO_WARNINGS. See online help for details.
G:\Windows Kits\10\Include\10.0.18362.0\ucrt\string.h(133): message : 参见“strcpy”的声明
G:\xuexiaolei\x_files\VS_code\StudentSystem\MyList.h(96,1): warning C4996: 'fopen': This function or variable may be unsafe. Consider using fopen_s instead. To disable deprecation, use _CRT_SECURE_NO_WARNINGS. See online help for details.
G:\Windows Kits\10\Include\10.0.18362.0\ucrt\stdio.h(208): message : 参见“fopen”的声明
G:\xuexiaolei\x_files\VS_code\StudentSystem\MyList.h(98,1): warning C4996: 'fopen': This function or variable may be unsafe. Consider using fopen_s instead. To disable deprecation, use _CRT_SECURE_NO_WARNINGS. See online help for details.
G:\Windows Kits\10\Include\10.0.18362.0\ucrt\stdio.h(208): message : 参见“fopen”的声明
G:\xuexiaolei\x_files\VS_code\StudentSystem\MyList.h(101,1): warning C4996: 'fscanf': This function or variable may be unsafe. Consider using fscanf_s instead. To disable deprecation, use _CRT_SECURE_NO_WARNINGS. See online help for details.
G:\Windows Kits\10\Include\10.0.18362.0\ucrt\stdio.h(1197): message : 参见“fscanf”的声明
G:\xuexiaolei\x_files\VS_code\StudentSystem\MyList.h(112,1): warning C4996: 'fopen': This function or variable may be unsafe. Consider using fopen_s instead. To disable deprecation, use _CRT_SECURE_NO_WARNINGS. See online help for details.
G:\Windows Kits\10\Include\10.0.18362.0\ucrt\stdio.h(208): message : 参见“fopen”的声明
G:\xuexiaolei\x_files\VS_code\StudentSystem\MyList.h(111,17): warning C4101: “data”: 未引用的局部变量
G:\xuexiaolei\x_files\VS_code\StudentSystem\StudentSystem.cpp(30,1): warning C4996: 'scanf': This function or variable may be unsafe. Consider using scanf_s instead. To disable deprecation, use _CRT_SECURE_NO_WARNINGS. See online help for details.
G:\Windows Kits\10\Include\10.0.18362.0\ucrt\stdio.h(1274): message : 参见“scanf”的声明
G:\xuexiaolei\x_files\VS_code\StudentSystem\StudentSystem.cpp(37,1): warning C4996: 'scanf': This function or variable may be unsafe. Consider using scanf_s instead. To disable deprecation, use _CRT_SECURE_NO_WARNINGS. See online help for details.
G:\Windows Kits\10\Include\10.0.18362.0\ucrt\stdio.h(1274): message : 参见“scanf”的声明
G:\xuexiaolei\x_files\VS_code\StudentSystem\StudentSystem.cpp(47,1): warning C4996: 'scanf': This function or variable may be unsafe. Consider using scanf_s instead. To disable deprecation, use _CRT_SECURE_NO_WARNINGS. See online help for details.
G:\Windows Kits\10\Include\10.0.18362.0\ucrt\stdio.h(1274): message : 参见“scanf”的声明
G:\xuexiaolei\x_files\VS_code\StudentSystem\StudentSystem.cpp(53,1): warning C4996: 'scanf': This function or variable may be unsafe. Consider using scanf_s instead. To disable deprecation, use _CRT_SECURE_NO_WARNINGS. See online help for details.
G:\Windows Kits\10\Include\10.0.18362.0\ucrt\stdio.h(1274): message : 参见“scanf”的声明
G:\xuexiaolei\x_files\VS_code\StudentSystem\StudentSystem.cpp(56,1): warning C4996: 'scanf': This function or variable may be unsafe. Consider using scanf_s instead. To disable deprecation, use _CRT_SECURE_NO_WARNINGS. See online help for details.
G:\Windows Kits\10\Include\10.0.18362.0\ucrt\stdio.h(1274): message : 参见“scanf”的声明
G:\xuexiaolei\x_files\VS_code\StudentSystem\StudentSystem.cpp(62,1): warning C4996: 'scanf': This function or variable may be unsafe. Consider using scanf_s instead. To disable deprecation, use _CRT_SECURE_NO_WARNINGS. See online help for details.
G:\Windows Kits\10\Include\10.0.18362.0\ucrt\stdio.h(1274): message : 参见“scanf”的声明
  StudentSystem.vcxproj -> G:\xuexiaolei\x_files\VS_code\StudentSystem\Debug\StudentSystem.exe
